[0mGET / [32m200[0m 133.458 ms - 10769[0m
[0mGET /favicon.ico [33m404[0m 6.017 ms - 150[0m
[0mGET / [32m200[0m 248.444 ms - 10769[0m
[0mGET /favicon.ico [33m404[0m 11.997 ms - 150[0m
[0mGET /users/signup [36m304[0m 24.729 ms - -[0m
[0mGET /users/js/chat_engine.js [33m404[0m 10.780 ms - 162[0m
[0mGET /users/js/toggle_likes.js [33m404[0m 26.984 ms - 163[0m
[0mGET /users/auth/google [36m302[0m 9.498 ms - 0[0m
[0mGET /users/auth/google/callback?code=4%2F0ARtbsJq21BEcVv0VrX4kekl9Y9ijlZ4fVsUe5rBXGOYxu9mvkUqcrzJ4_QCI6GVvNUfEbQ&scope=email+profile+https%3A%2F%2Fwww.googleapis.com%2Fauth%2Fuserinfo.profile+https%3A%2F%2Fwww.googleapis.com%2Fauth%2Fuserinfo.email+openid&authuser=0&prompt=none [36m302[0m 702.315 ms - 46[0m
[0mGET / [32m200[0m 63.182 ms - 14414[0m
[0mPOST /likes/toggle/?id=633d4964c7b336db8075de53&type=Comment [36m302[0m 33.293 ms - 46[0m
[0mGET / [32m200[0m 43.817 ms - 14126[0m
[0mPOST /likes/toggle/?id=633d4964c7b336db8075de53&type=Comment [36m302[0m 24.143 ms - 46[0m
[0mGET / [32m200[0m 43.960 ms - 14126[0m
[0mGET / [36m304[0m 213.822 ms - -[0m
[0mGET /favicon.ico [33m404[0m 16.786 ms - 150[0m
[0mGET /users/signup [32m200[0m 19.390 ms - 6919[0m
[0mGET /users/js/toggle_likes.js [33m404[0m 17.195 ms - 163[0m
[0mGET /users/js/chat_engine.js [33m404[0m 35.322 ms - 162[0m
[0mGET / [32m200[0m 191.906 ms - 10769[0m
[0mGET /favicon.ico [33m404[0m 14.140 ms - 150[0m
[0mGET /users/signup [32m200[0m 15.077 ms - 6919[0m
[0mGET /users/js/toggle_likes.js [33m404[0m 7.978 ms - 163[0m
[0mGET /users/js/chat_engine.js [33m404[0m 35.695 ms - 162[0m
[0mGET /users/signup [31m500[0m 69.774 ms - 1617[0m
[0mGET /users/signup [31m500[0m 27.209 ms - 1617[0m
[0mGET /users/signup [31m500[0m 49.999 ms - 1617[0m
[0mGET /users/signup [31m500[0m 21.016 ms - 1617[0m
[0mGET /users/signup [31m500[0m 10.936 ms - 1617[0m
[0mGET /users/signup [32m200[0m 137.969 ms - 6920[0m
[0mGET /users/js/toggle_likes.js [33m404[0m 9.491 ms - 163[0m
[0mGET /users/js/chat_engine.js [33m404[0m 30.260 ms - 162[0m
[0mGET / [32m200[0m 188.994 ms - 10770[0m
[0mGET /favicon.ico [33m404[0m 14.672 ms - 150[0m
[0mGET / [32m200[0m 163.672 ms - 10770[0m
[0mGET /favicon.ico [33m404[0m 20.618 ms - 150[0m
[0mGET /users/signup [32m200[0m 12.807 ms - 6920[0m
[0mGET /users/js/toggle_likes.js [33m404[0m 8.656 ms - 163[0m
[0mGET /users/js/chat_engine.js [33m404[0m 24.172 ms - 162[0m
[0mGET /users/signin [32m200[0m 97.191 ms - 6564[0m
[0mGET /users/js/chat_engine.js [33m404[0m 19.634 ms - 162[0m
[0mGET /users/js/toggle_likes.js [33m404[0m 12.153 ms - 163[0m
[0mGET /users/signin [32m200[0m 185.569 ms - 6564[0m
[0mGET /users/js/toggle_likes.js [33m404[0m 14.617 ms - 163[0m
[0mGET /users/js/chat_engine.js [33m404[0m 28.669 ms - 162[0m
[0mGET /users/signin [36m304[0m 41.334 ms - -[0m
[0mGET /users/js/toggle_likes.js [33m404[0m 15.711 ms - 163[0m
[0mGET /users/js/chat_engine.js [33m404[0m 27.153 ms - 162[0m
[0mPOST /users/createSession [36m302[0m 25.009 ms - 70[0m
[0mGET /users/signin [32m200[0m 16.171 ms - 6854[0m
[0mGET /users/js/toggle_likes.js [33m404[0m 14.407 ms - 163[0m
[0mGET /users/js/chat_engine.js [33m404[0m 19.149 ms - 162[0m
[0mPOST /users/createSession [36m302[0m 17.401 ms - 46[0m
[0mGET / [32m200[0m 154.869 ms - 14790[0m
[0mGET / [32m200[0m 53.508 ms - 14502[0m
[0mPOST /posts/create [36m302[0m 18.250 ms - 46[0m
[0mGET / [32m200[0m 34.867 ms - 16304[0m
[0mGET / [32m200[0m 71.825 ms - 16014[0m
[0mGET / [32m200[0m 440.202 ms - 11506[0m
[0mGET /favicon.ico [33m404[0m 61.989 ms - 150[0m
[0mGET / [32m200[0m 127.095 ms - 6283[0m
